[ 2017-07-11T21:28:18+08:00 ] ::1 /thinkphp/
INFO: [ app_init ] --START--
INFO: Run Behavior\BuildLiteBehavior [ RunTime:0.000029s ]
INFO: [ app_init ] --END-- [ RunTime:0.000656s ]
INFO: [ app_begin ] --START--
INFO: Run Behavior\ReadHtmlCacheBehavior [ RunTime:0.000830s ]
INFO: [ app_begin ] --END-- [ RunTime:0.000968s ]
NOTIC: [8] Undefined index: id C:\wamp\www\ThinkPHP\App\Home\Controller\IndexController.class.php 第 22 行.
INFO: [ view_parse ] --START--
INFO: [ template_filter ] --START--
INFO: Run Behavior\ContentReplaceBehavior [ RunTime:0.000066s ]
INFO: [ template_filter ] --END-- [ RunTime:0.000188s ]
INFO: Run Behavior\ParseTemplateBehavior [ RunTime:0.014018s ]
INFO: [ view_parse ] --END-- [ RunTime:0.014183s ]
INFO: [ view_filter ] --START--
INFO: Run Behavior\WriteHtmlCacheBehavior [ RunTime:0.000798s ]
INFO: [ view_filter ] --END-- [ RunTime:0.000951s ]

[ 2017-07-11T21:28:20+08:00 ] ::1 /thinkphp/index.php?m=Home&c=Test&a=index
INFO: [ app_init ] --START--
INFO: Run Behavior\BuildLiteBehavior [ RunTime:0.000033s ]
INFO: [ app_init ] --END-- [ RunTime:0.000701s ]
INFO: [ app_begin ] --START--
INFO: Run Behavior\ReadHtmlCacheBehavior [ RunTime:0.001384s ]
INFO: [ app_begin ] --END-- [ RunTime:0.001671s ]
INFO: [ app_end ] --START--
INFO: Run Behavior\ShowPageTraceBehavior [ RunTime:0.001121s ]
INFO: [ app_end ] --END-- [ RunTime:0.001288s ]

[ 2017-07-11T21:28:26+08:00 ] ::1 /thinkphp/index.php?m=Home&c=Test&a=index
INFO: [ app_init ] --START--
INFO: Run Behavior\BuildLiteBehavior [ RunTime:0.000071s ]
INFO: [ app_init ] --END-- [ RunTime:0.001714s ]
INFO: [ app_begin ] --START--
INFO: Run Behavior\ReadHtmlCacheBehavior [ RunTime:0.002348s ]
INFO: [ app_begin ] --END-- [ RunTime:0.002737s ]
INFO: [ app_end ] --START--
INFO: Run Behavior\ShowPageTraceBehavior [ RunTime:0.003213s ]
INFO: [ app_end ] --END-- [ RunTime:0.003530s ]

[ 2017-07-11T21:28:34+08:00 ] ::1 /thinkphp/index.php
INFO: [ app_init ] --START--
INFO: Run Behavior\BuildLiteBehavior [ RunTime:0.000035s ]
INFO: [ app_init ] --END-- [ RunTime:0.001007s ]
INFO: [ app_begin ] --START--
INFO: Run Behavior\ReadHtmlCacheBehavior [ RunTime:0.000818s ]
INFO: [ app_begin ] --END-- [ RunTime:0.000973s ]
NOTIC: [8] Undefined index: id C:\wamp\www\ThinkPHP\App\Home\Controller\IndexController.class.php 第 22 行.
INFO: [ view_parse ] --START--
INFO: [ template_filter ] --START--
INFO: Run Behavior\ContentReplaceBehavior [ RunTime:0.000103s ]
INFO: [ template_filter ] --END-- [ RunTime:0.000288s ]
INFO: Run Behavior\ParseTemplateBehavior [ RunTime:0.016335s ]
INFO: [ view_parse ] --END-- [ RunTime:0.016536s ]
INFO: [ view_filter ] --START--
INFO: Run Behavior\WriteHtmlCacheBehavior [ RunTime:0.000625s ]
INFO: [ view_filter ] --END-- [ RunTime:0.000795s ]

[ 2017-07-11T21:28:36+08:00 ] ::1 /thinkphp/index.php?m=Home&c=Test&a=index
INFO: [ app_init ] --START--
INFO: Run Behavior\BuildLiteBehavior [ RunTime:0.000035s ]
INFO: [ app_init ] --END-- [ RunTime:0.000884s ]
INFO: [ app_begin ] --START--
INFO: Run Behavior\ReadHtmlCacheBehavior [ RunTime:0.000847s ]
INFO: [ app_begin ] --END-- [ RunTime:0.001013s ]
INFO: [ app_end ] --START--
INFO: Run Behavior\ShowPageTraceBehavior [ RunTime:0.000948s ]
INFO: [ app_end ] --END-- [ RunTime:0.001103s ]

[ 2017-07-11T21:32:30+08:00 ] ::1 /thinkphp/
INFO: [ app_init ] --START--
INFO: Run Behavior\BuildLiteBehavior [ RunTime:0.000063s ]
INFO: [ app_init ] --END-- [ RunTime:0.001126s ]
INFO: [ app_begin ] --START--
INFO: Run Behavior\ReadHtmlCacheBehavior [ RunTime:0.001844s ]
INFO: [ app_begin ] --END-- [ RunTime:0.002083s ]
NOTIC: [8] Undefined index: id C:\wamp\www\ThinkPHP\App\Home\Controller\IndexController.class.php 第 22 行.
INFO: [ view_parse ] --START--
INFO: [ template_filter ] --START--
INFO: Run Behavior\ContentReplaceBehavior [ RunTime:0.000101s ]
INFO: [ template_filter ] --END-- [ RunTime:0.000286s ]
INFO: Run Behavior\ParseTemplateBehavior [ RunTime:0.019755s ]
INFO: [ view_parse ] --END-- [ RunTime:0.020136s ]
INFO: [ view_filter ] --START--
INFO: Run Behavior\WriteHtmlCacheBehavior [ RunTime:0.001099s ]
INFO: [ view_filter ] --END-- [ RunTime:0.001310s ]

[ 2017-07-11T21:32:32+08:00 ] ::1 /thinkphp/index.php?m=Home&c=Test&a=index
INFO: [ app_init ] --START--
INFO: Run Behavior\BuildLiteBehavior [ RunTime:0.000048s ]
INFO: [ app_init ] --END-- [ RunTime:0.001792s ]
INFO: [ app_begin ] --START--
INFO: Run Behavior\ReadHtmlCacheBehavior [ RunTime:0.001126s ]
INFO: [ app_begin ] --END-- [ RunTime:0.001322s ]
INFO: [ app_end ] --START--
INFO: Run Behavior\ShowPageTraceBehavior [ RunTime:0.001150s ]
INFO: [ app_end ] --END-- [ RunTime:0.001307s ]

[ 2017-07-11T21:32:55+08:00 ] ::1 /thinkphp/index.php?m=Home&c=Test
INFO: [ app_init ] --START--
INFO: Run Behavior\BuildLiteBehavior [ RunTime:0.000034s ]
INFO: [ app_init ] --END-- [ RunTime:0.000870s ]
INFO: [ app_begin ] --START--
INFO: Run Behavior\ReadHtmlCacheBehavior [ RunTime:0.001122s ]
INFO: [ app_begin ] --END-- [ RunTime:0.001304s ]
INFO: [ app_end ] --START--
INFO: Run Behavior\ShowPageTraceBehavior [ RunTime:0.001364s ]
INFO: [ app_end ] --END-- [ RunTime:0.001563s ]

[ 2017-07-11T22:50:54+08:00 ] ::1 /thinkphp/index.php?m=Home&c=map&a=index
INFO: [ app_init ] --START--
INFO: Run Behavior\BuildLiteBehavior [ RunTime:0.000052s ]
INFO: [ app_init ] --END-- [ RunTime:0.001604s ]
INFO: [ app_begin ] --START--
INFO: Run Behavior\ReadHtmlCacheBehavior [ RunTime:0.001847s ]
INFO: [ app_begin ] --END-- [ RunTime:0.002137s ]

[ 2017-07-11T22:51:14+08:00 ] ::1 /thinkphp/index.php?m=Home&c=map&a=index
INFO: [ app_init ] --START--
INFO: Run Behavior\BuildLiteBehavior [ RunTime:0.000044s ]
INFO: [ app_init ] --END-- [ RunTime:0.001134s ]
INFO: [ app_begin ] --START--
INFO: Run Behavior\ReadHtmlCacheBehavior [ RunTime:0.001482s ]
INFO: [ app_begin ] --END-- [ RunTime:0.001725s ]
NOTIC: [8] Undefined index: lng C:\wamp\www\ThinkPHP\App\Home\Controller\MapController.class.php 第 6 行.
NOTIC: [8] Undefined index: lat C:\wamp\www\ThinkPHP\App\Home\Controller\MapController.class.php 第 7 行.
NOTIC: [8] Undefined index: address C:\wamp\www\ThinkPHP\App\Home\Controller\MapController.class.php 第 8 行.
NOTIC: [8] Undefined index: full C:\wamp\www\ThinkPHP\App\Home\Controller\MapController.class.php 第 9 行.
ERR: Think\Controller:assigin方法不存在！

[ 2017-07-11T22:51:36+08:00 ] ::1 /thinkphp/index.php?m=Home&c=map&a=index
INFO: [ app_init ] --START--
INFO: Run Behavior\BuildLiteBehavior [ RunTime:0.000037s ]
INFO: [ app_init ] --END-- [ RunTime:0.000938s ]
INFO: [ app_begin ] --START--
INFO: Run Behavior\ReadHtmlCacheBehavior [ RunTime:0.001865s ]
INFO: [ app_begin ] --END-- [ RunTime:0.002183s ]
NOTIC: [8] Undefined index: lng C:\wamp\www\ThinkPHP\App\Home\Controller\MapController.class.php 第 6 行.
NOTIC: [8] Undefined index: lat C:\wamp\www\ThinkPHP\App\Home\Controller\MapController.class.php 第 7 行.
NOTIC: [8] Undefined index: address C:\wamp\www\ThinkPHP\App\Home\Controller\MapController.class.php 第 8 行.
NOTIC: [8] Undefined index: full C:\wamp\www\ThinkPHP\App\Home\Controller\MapController.class.php 第 9 行.

[ 2017-07-11T22:53:24+08:00 ] ::1 /thinkphp/index.php?m=Home&c=map&a=index
INFO: [ app_init ] --START--
INFO: Run Behavior\BuildLiteBehavior [ RunTime:0.000073s ]
INFO: [ app_init ] --END-- [ RunTime:0.001785s ]
INFO: [ app_begin ] --START--
INFO: Run Behavior\ReadHtmlCacheBehavior [ RunTime:0.002505s ]
INFO: [ app_begin ] --END-- [ RunTime:0.002895s ]
NOTIC: [8] Undefined index: lng C:\wamp\www\ThinkPHP\App\Home\Controller\MapController.class.php 第 6 行.
NOTIC: [8] Undefined index: lat C:\wamp\www\ThinkPHP\App\Home\Controller\MapController.class.php 第 7 行.
NOTIC: [8] Undefined index: address C:\wamp\www\ThinkPHP\App\Home\Controller\MapController.class.php 第 8 行.
NOTIC: [8] Undefined index: full C:\wamp\www\ThinkPHP\App\Home\Controller\MapController.class.php 第 9 行.

[ 2017-07-11T22:53:25+08:00 ] ::1 /thinkphp/index.php?m=Home&c=map&a=index
INFO: [ app_init ] --START--
INFO: Run Behavior\BuildLiteBehavior [ RunTime:0.000184s ]
INFO: [ app_init ] --END-- [ RunTime:0.002580s ]
INFO: [ app_begin ] --START--
INFO: Run Behavior\ReadHtmlCacheBehavior [ RunTime:0.002103s ]
INFO: [ app_begin ] --END-- [ RunTime:0.002470s ]
NOTIC: [8] Undefined index: lng C:\wamp\www\ThinkPHP\App\Home\Controller\MapController.class.php 第 6 行.
NOTIC: [8] Undefined index: lat C:\wamp\www\ThinkPHP\App\Home\Controller\MapController.class.php 第 7 行.
NOTIC: [8] Undefined index: address C:\wamp\www\ThinkPHP\App\Home\Controller\MapController.class.php 第 8 行.
NOTIC: [8] Undefined index: full C:\wamp\www\ThinkPHP\App\Home\Controller\MapController.class.php 第 9 行.

[ 2017-07-11T22:53:26+08:00 ] ::1 /thinkphp/index.php?m=Home&c=map&a=index
INFO: [ app_init ] --START--
INFO: Run Behavior\BuildLiteBehavior [ RunTime:0.000062s ]
INFO: [ app_init ] --END-- [ RunTime:0.001554s ]
INFO: [ app_begin ] --START--
INFO: Run Behavior\ReadHtmlCacheBehavior [ RunTime:0.002100s ]
INFO: [ app_begin ] --END-- [ RunTime:0.002440s ]
NOTIC: [8] Undefined index: lng C:\wamp\www\ThinkPHP\App\Home\Controller\MapController.class.php 第 6 行.
NOTIC: [8] Undefined index: lat C:\wamp\www\ThinkPHP\App\Home\Controller\MapController.class.php 第 7 行.
NOTIC: [8] Undefined index: address C:\wamp\www\ThinkPHP\App\Home\Controller\MapController.class.php 第 8 行.
NOTIC: [8] Undefined index: full C:\wamp\www\ThinkPHP\App\Home\Controller\MapController.class.php 第 9 行.

[ 2017-07-11T22:53:26+08:00 ] ::1 /thinkphp/index.php?m=Home&c=map&a=index
INFO: [ app_init ] --START--
INFO: Run Behavior\BuildLiteBehavior [ RunTime:0.000173s ]
INFO: [ app_init ] --END-- [ RunTime:0.007208s ]
INFO: [ app_begin ] --START--
INFO: Run Behavior\ReadHtmlCacheBehavior [ RunTime:0.002125s ]
INFO: [ app_begin ] --END-- [ RunTime:0.002464s ]
NOTIC: [8] Undefined index: lng C:\wamp\www\ThinkPHP\App\Home\Controller\MapController.class.php 第 6 行.
NOTIC: [8] Undefined index: lat C:\wamp\www\ThinkPHP\App\Home\Controller\MapController.class.php 第 7 行.
NOTIC: [8] Undefined index: address C:\wamp\www\ThinkPHP\App\Home\Controller\MapController.class.php 第 8 行.
NOTIC: [8] Undefined index: full C:\wamp\www\ThinkPHP\App\Home\Controller\MapController.class.php 第 9 行.

[ 2017-07-11T22:53:27+08:00 ] ::1 /thinkphp/index.php?m=Home&c=map&a=index
INFO: [ app_init ] --START--
INFO: Run Behavior\BuildLiteBehavior [ RunTime:0.000138s ]
INFO: [ app_init ] --END-- [ RunTime:0.003324s ]
INFO: [ app_begin ] --START--
INFO: Run Behavior\ReadHtmlCacheBehavior [ RunTime:0.003837s ]
INFO: [ app_begin ] --END-- [ RunTime:0.004427s ]
NOTIC: [8] Undefined index: lng C:\wamp\www\ThinkPHP\App\Home\Controller\MapController.class.php 第 6 行.
NOTIC: [8] Undefined index: lat C:\wamp\www\ThinkPHP\App\Home\Controller\MapController.class.php 第 7 行.
NOTIC: [8] Undefined index: address C:\wamp\www\ThinkPHP\App\Home\Controller\MapController.class.php 第 8 行.
NOTIC: [8] Undefined index: full C:\wamp\www\ThinkPHP\App\Home\Controller\MapController.class.php 第 9 行.

[ 2017-07-11T22:53:29+08:00 ] ::1 /thinkphp/index.php?m=Home&c=map&a=index
INFO: [ app_init ] --START--
INFO: Run Behavior\BuildLiteBehavior [ RunTime:0.000068s ]
INFO: [ app_init ] --END-- [ RunTime:0.001707s ]
INFO: [ app_begin ] --START--
INFO: Run Behavior\ReadHtmlCacheBehavior [ RunTime:0.002942s ]
INFO: [ app_begin ] --END-- [ RunTime:0.003454s ]
NOTIC: [8] Undefined index: lng C:\wamp\www\ThinkPHP\App\Home\Controller\MapController.class.php 第 6 行.
NOTIC: [8] Undefined index: lat C:\wamp\www\ThinkPHP\App\Home\Controller\MapController.class.php 第 7 行.
NOTIC: [8] Undefined index: address C:\wamp\www\ThinkPHP\App\Home\Controller\MapController.class.php 第 8 行.
NOTIC: [8] Undefined index: full C:\wamp\www\ThinkPHP\App\Home\Controller\MapController.class.php 第 9 行.

[ 2017-07-11T22:53:30+08:00 ] ::1 /thinkphp/index.php?m=Home&c=map&a=index
INFO: [ app_init ] --START--
INFO: Run Behavior\BuildLiteBehavior [ RunTime:0.000068s ]
INFO: [ app_init ] --END-- [ RunTime:0.001386s ]
INFO: [ app_begin ] --START--
INFO: Run Behavior\ReadHtmlCacheBehavior [ RunTime:0.002359s ]
INFO: [ app_begin ] --END-- [ RunTime:0.002723s ]
NOTIC: [8] Undefined index: lng C:\wamp\www\ThinkPHP\App\Home\Controller\MapController.class.php 第 6 行.
NOTIC: [8] Undefined index: lat C:\wamp\www\ThinkPHP\App\Home\Controller\MapController.class.php 第 7 行.
NOTIC: [8] Undefined index: address C:\wamp\www\ThinkPHP\App\Home\Controller\MapController.class.php 第 8 行.
NOTIC: [8] Undefined index: full C:\wamp\www\ThinkPHP\App\Home\Controller\MapController.class.php 第 9 行.

[ 2017-07-11T22:53:30+08:00 ] ::1 /thinkphp/index.php?m=Home&c=map&a=index
INFO: [ app_init ] --START--
INFO: Run Behavior\BuildLiteBehavior [ RunTime:0.000110s ]
INFO: [ app_init ] --END-- [ RunTime:0.002403s ]
INFO: [ app_begin ] --START--
INFO: Run Behavior\ReadHtmlCacheBehavior [ RunTime:0.002749s ]
INFO: [ app_begin ] --END-- [ RunTime:0.003166s ]
NOTIC: [8] Undefined index: lng C:\wamp\www\ThinkPHP\App\Home\Controller\MapController.class.php 第 6 行.
NOTIC: [8] Undefined index: lat C:\wamp\www\ThinkPHP\App\Home\Controller\MapController.class.php 第 7 行.
NOTIC: [8] Undefined index: address C:\wamp\www\ThinkPHP\App\Home\Controller\MapController.class.php 第 8 行.
NOTIC: [8] Undefined index: full C:\wamp\www\ThinkPHP\App\Home\Controller\MapController.class.php 第 9 行.

[ 2017-07-11T22:53:31+08:00 ] ::1 /thinkphp/index.php?m=Home&c=map&a=index
INFO: [ app_init ] --START--
INFO: Run Behavior\BuildLiteBehavior [ RunTime:0.000062s ]
INFO: [ app_init ] --END-- [ RunTime:0.001563s ]
INFO: [ app_begin ] --START--
INFO: Run Behavior\ReadHtmlCacheBehavior [ RunTime:0.002096s ]
INFO: [ app_begin ] --END-- [ RunTime:0.002413s ]
NOTIC: [8] Undefined index: lng C:\wamp\www\ThinkPHP\App\Home\Controller\MapController.class.php 第 6 行.
NOTIC: [8] Undefined index: lat C:\wamp\www\ThinkPHP\App\Home\Controller\MapController.class.php 第 7 行.
NOTIC: [8] Undefined index: address C:\wamp\www\ThinkPHP\App\Home\Controller\MapController.class.php 第 8 行.
NOTIC: [8] Undefined index: full C:\wamp\www\ThinkPHP\App\Home\Controller\MapController.class.php 第 9 行.

[ 2017-07-11T22:53:31+08:00 ] ::1 /thinkphp/index.php?m=Home&c=map&a=index
INFO: [ app_init ] --START--
INFO: Run Behavior\BuildLiteBehavior [ RunTime:0.000063s ]
INFO: [ app_init ] --END-- [ RunTime:0.001658s ]
INFO: [ app_begin ] --START--
INFO: Run Behavior\ReadHtmlCacheBehavior [ RunTime:0.003254s ]
INFO: [ app_begin ] --END-- [ RunTime:0.003699s ]
NOTIC: [8] Undefined index: lng C:\wamp\www\ThinkPHP\App\Home\Controller\MapController.class.php 第 6 行.
NOTIC: [8] Undefined index: lat C:\wamp\www\ThinkPHP\App\Home\Controller\MapController.class.php 第 7 行.
NOTIC: [8] Undefined index: address C:\wamp\www\ThinkPHP\App\Home\Controller\MapController.class.php 第 8 行.
NOTIC: [8] Undefined index: full C:\wamp\www\ThinkPHP\App\Home\Controller\MapController.class.php 第 9 行.

[ 2017-07-11T22:53:32+08:00 ] ::1 /thinkphp/index.php?m=Home&c=map&a=index
INFO: [ app_init ] --START--
INFO: Run Behavior\BuildLiteBehavior [ RunTime:0.000042s ]
INFO: [ app_init ] --END-- [ RunTime:0.000988s ]
INFO: [ app_begin ] --START--
INFO: Run Behavior\ReadHtmlCacheBehavior [ RunTime:0.002367s ]
INFO: [ app_begin ] --END-- [ RunTime:0.002614s ]
NOTIC: [8] Undefined index: lng C:\wamp\www\ThinkPHP\App\Home\Controller\MapController.class.php 第 6 行.
NOTIC: [8] Undefined index: lat C:\wamp\www\ThinkPHP\App\Home\Controller\MapController.class.php 第 7 行.
NOTIC: [8] Undefined index: address C:\wamp\www\ThinkPHP\App\Home\Controller\MapController.class.php 第 8 行.
NOTIC: [8] Undefined index: full C:\wamp\www\ThinkPHP\App\Home\Controller\MapController.class.php 第 9 行.

[ 2017-07-11T22:58:12+08:00 ] ::1 /thinkphp/index.php?m=Home&c=map&a=index
INFO: [ app_init ] --START--
INFO: Run Behavior\BuildLiteBehavior [ RunTime:0.000174s ]
INFO: [ app_init ] --END-- [ RunTime:0.004117s ]
INFO: [ app_begin ] --START--
INFO: Run Behavior\ReadHtmlCacheBehavior [ RunTime:0.004134s ]
INFO: [ app_begin ] --END-- [ RunTime:0.004735s ]
NOTIC: [8] Undefined index: lng C:\wamp\www\ThinkPHP\App\Home\Controller\MapController.class.php 第 6 行.
NOTIC: [8] Undefined index: lat C:\wamp\www\ThinkPHP\App\Home\Controller\MapController.class.php 第 7 行.
NOTIC: [8] Undefined index: address C:\wamp\www\ThinkPHP\App\Home\Controller\MapController.class.php 第 8 行.
NOTIC: [8] Undefined index: full C:\wamp\www\ThinkPHP\App\Home\Controller\MapController.class.php 第 9 行.

[ 2017-07-11T22:59:17+08:00 ] ::1 /thinkphp/index.php?m=Home&c=map&a=index
INFO: [ app_init ] --START--
INFO: Run Behavior\BuildLiteBehavior [ RunTime:0.000050s ]
INFO: [ app_init ] --END-- [ RunTime:0.001020s ]
INFO: [ app_begin ] --START--
INFO: Run Behavior\ReadHtmlCacheBehavior [ RunTime:0.001407s ]
INFO: [ app_begin ] --END-- [ RunTime:0.001621s ]
NOTIC: [8] Undefined index: lng C:\wamp\www\ThinkPHP\App\Home\Controller\MapController.class.php 第 23 行.
NOTIC: [8] Undefined index: lat C:\wamp\www\ThinkPHP\App\Home\Controller\MapController.class.php 第 24 行.
NOTIC: [8] Undefined index: address C:\wamp\www\ThinkPHP\App\Home\Controller\MapController.class.php 第 25 行.
NOTIC: [8] Undefined index: full C:\wamp\www\ThinkPHP\App\Home\Controller\MapController.class.php 第 26 行.

[ 2017-07-11T22:59:18+08:00 ] ::1 /thinkphp/index.php?m=Home&c=map&a=index
INFO: [ app_init ] --START--
INFO: Run Behavior\BuildLiteBehavior [ RunTime:0.000045s ]
INFO: [ app_init ] --END-- [ RunTime:0.001142s ]
INFO: [ app_begin ] --START--
INFO: Run Behavior\ReadHtmlCacheBehavior [ RunTime:0.004751s ]
INFO: [ app_begin ] --END-- [ RunTime:0.005214s ]
NOTIC: [8] Undefined index: lng C:\wamp\www\ThinkPHP\App\Home\Controller\MapController.class.php 第 23 行.
NOTIC: [8] Undefined index: lat C:\wamp\www\ThinkPHP\App\Home\Controller\MapController.class.php 第 24 行.
NOTIC: [8] Undefined index: address C:\wamp\www\ThinkPHP\App\Home\Controller\MapController.class.php 第 25 行.
NOTIC: [8] Undefined index: full C:\wamp\www\ThinkPHP\App\Home\Controller\MapController.class.php 第 26 行.

[ 2017-07-11T22:59:19+08:00 ] ::1 /thinkphp/index.php?m=Home&c=map&a=index
INFO: [ app_init ] --START--
INFO: Run Behavior\BuildLiteBehavior [ RunTime:0.000074s ]
INFO: [ app_init ] --END-- [ RunTime:0.001899s ]
INFO: [ app_begin ] --START--
INFO: Run Behavior\ReadHtmlCacheBehavior [ RunTime:0.004546s ]
INFO: [ app_begin ] --END-- [ RunTime:0.004901s ]
NOTIC: [8] Undefined index: lng C:\wamp\www\ThinkPHP\App\Home\Controller\MapController.class.php 第 23 行.
NOTIC: [8] Undefined index: lat C:\wamp\www\ThinkPHP\App\Home\Controller\MapController.class.php 第 24 行.
NOTIC: [8] Undefined index: address C:\wamp\www\ThinkPHP\App\Home\Controller\MapController.class.php 第 25 行.
NOTIC: [8] Undefined index: full C:\wamp\www\ThinkPHP\App\Home\Controller\MapController.class.php 第 26 行.

[ 2017-07-11T22:59:19+08:00 ] ::1 /thinkphp/index.php?m=Home&c=map&a=index
INFO: [ app_init ] --START--
INFO: Run Behavior\BuildLiteBehavior [ RunTime:0.000076s ]
INFO: [ app_init ] --END-- [ RunTime:0.002165s ]
INFO: [ app_begin ] --START--
INFO: Run Behavior\ReadHtmlCacheBehavior [ RunTime:0.001975s ]
INFO: [ app_begin ] --END-- [ RunTime:0.002292s ]
NOTIC: [8] Undefined index: lng C:\wamp\www\ThinkPHP\App\Home\Controller\MapController.class.php 第 23 行.
NOTIC: [8] Undefined index: lat C:\wamp\www\ThinkPHP\App\Home\Controller\MapController.class.php 第 24 行.
NOTIC: [8] Undefined index: address C:\wamp\www\ThinkPHP\App\Home\Controller\MapController.class.php 第 25 行.
NOTIC: [8] Undefined index: full C:\wamp\www\ThinkPHP\App\Home\Controller\MapController.class.php 第 26 行.

[ 2017-07-11T22:59:20+08:00 ] ::1 /thinkphp/index.php?m=Home&c=map&a=index
INFO: [ app_init ] --START--
INFO: Run Behavior\BuildLiteBehavior [ RunTime:0.000050s ]
INFO: [ app_init ] --END-- [ RunTime:0.001120s ]
INFO: [ app_begin ] --START--
INFO: Run Behavior\ReadHtmlCacheBehavior [ RunTime:0.002690s ]
INFO: [ app_begin ] --END-- [ RunTime:0.003073s ]
NOTIC: [8] Undefined index: lng C:\wamp\www\ThinkPHP\App\Home\Controller\MapController.class.php 第 23 行.
NOTIC: [8] Undefined index: lat C:\wamp\www\ThinkPHP\App\Home\Controller\MapController.class.php 第 24 行.
NOTIC: [8] Undefined index: address C:\wamp\www\ThinkPHP\App\Home\Controller\MapController.class.php 第 25 行.
NOTIC: [8] Undefined index: full C:\wamp\www\ThinkPHP\App\Home\Controller\MapController.class.php 第 26 行.

[ 2017-07-11T23:08:50+08:00 ] ::1 /thinkphp/index.php?m=Home&c=map&a=index
INFO: [ app_init ] --START--
INFO: Run Behavior\BuildLiteBehavior [ RunTime:0.000063s ]
INFO: [ app_init ] --END-- [ RunTime:0.001560s ]
INFO: [ app_begin ] --START--
INFO: Run Behavior\ReadHtmlCacheBehavior [ RunTime:0.001450s ]
INFO: [ app_begin ] --END-- [ RunTime:0.001667s ]
NOTIC: [8] Undefined index: lng C:\wamp\www\ThinkPHP\App\Home\Controller\MapController.class.php 第 8 行.
NOTIC: [8] Undefined index: lat C:\wamp\www\ThinkPHP\App\Home\Controller\MapController.class.php 第 9 行.
NOTIC: [8] Undefined index: address C:\wamp\www\ThinkPHP\App\Home\Controller\MapController.class.php 第 10 行.
NOTIC: [8] Undefined index: full C:\wamp\www\ThinkPHP\App\Home\Controller\MapController.class.php 第 11 行.

[ 2017-07-11T23:08:52+08:00 ] ::1 /thinkphp/index.php?m=Home&c=map&a=index
INFO: [ app_init ] --START--
INFO: Run Behavior\BuildLiteBehavior [ RunTime:0.000051s ]
INFO: [ app_init ] --END-- [ RunTime:0.001284s ]
INFO: [ app_begin ] --START--
INFO: Run Behavior\ReadHtmlCacheBehavior [ RunTime:0.001925s ]
INFO: [ app_begin ] --END-- [ RunTime:0.002202s ]
NOTIC: [8] Undefined index: lng C:\wamp\www\ThinkPHP\App\Home\Controller\MapController.class.php 第 8 行.
NOTIC: [8] Undefined index: lat C:\wamp\www\ThinkPHP\App\Home\Controller\MapController.class.php 第 9 行.
NOTIC: [8] Undefined index: address C:\wamp\www\ThinkPHP\App\Home\Controller\MapController.class.php 第 10 行.
NOTIC: [8] Undefined index: full C:\wamp\www\ThinkPHP\App\Home\Controller\MapController.class.php 第 11 行.

[ 2017-07-11T23:08:53+08:00 ] ::1 /thinkphp/index.php?m=Home&c=map&a=index
INFO: [ app_init ] --START--
INFO: Run Behavior\BuildLiteBehavior [ RunTime:0.000135s ]
INFO: [ app_init ] --END-- [ RunTime:0.002343s ]
INFO: [ app_begin ] --START--
INFO: Run Behavior\ReadHtmlCacheBehavior [ RunTime:0.003423s ]
INFO: [ app_begin ] --END-- [ RunTime:0.003746s ]
NOTIC: [8] Undefined index: lng C:\wamp\www\ThinkPHP\App\Home\Controller\MapController.class.php 第 8 行.
NOTIC: [8] Undefined index: lat C:\wamp\www\ThinkPHP\App\Home\Controller\MapController.class.php 第 9 行.
NOTIC: [8] Undefined index: address C:\wamp\www\ThinkPHP\App\Home\Controller\MapController.class.php 第 10 行.
NOTIC: [8] Undefined index: full C:\wamp\www\ThinkPHP\App\Home\Controller\MapController.class.php 第 11 行.

[ 2017-07-11T23:08:53+08:00 ] ::1 /thinkphp/index.php?m=Home&c=map&a=index
INFO: [ app_init ] --START--
INFO: Run Behavior\BuildLiteBehavior [ RunTime:0.000041s ]
INFO: [ app_init ] --END-- [ RunTime:0.001003s ]
INFO: [ app_begin ] --START--
INFO: Run Behavior\ReadHtmlCacheBehavior [ RunTime:0.001934s ]
INFO: [ app_begin ] --END-- [ RunTime:0.002513s ]
NOTIC: [8] Undefined index: lng C:\wamp\www\ThinkPHP\App\Home\Controller\MapController.class.php 第 8 行.
NOTIC: [8] Undefined index: lat C:\wamp\www\ThinkPHP\App\Home\Controller\MapController.class.php 第 9 行.
NOTIC: [8] Undefined index: address C:\wamp\www\ThinkPHP\App\Home\Controller\MapController.class.php 第 10 行.
NOTIC: [8] Undefined index: full C:\wamp\www\ThinkPHP\App\Home\Controller\MapController.class.php 第 11 行.

[ 2017-07-11T23:08:54+08:00 ] ::1 /thinkphp/index.php?m=Home&c=map&a=index
INFO: [ app_init ] --START--
INFO: Run Behavior\BuildLiteBehavior [ RunTime:0.000077s ]
INFO: [ app_init ] --END-- [ RunTime:0.002177s ]
INFO: [ app_begin ] --START--
INFO: Run Behavior\ReadHtmlCacheBehavior [ RunTime:0.001883s ]
INFO: [ app_begin ] --END-- [ RunTime:0.002175s ]
NOTIC: [8] Undefined index: lng C:\wamp\www\ThinkPHP\App\Home\Controller\MapController.class.php 第 8 行.
NOTIC: [8] Undefined index: lat C:\wamp\www\ThinkPHP\App\Home\Controller\MapController.class.php 第 9 行.
NOTIC: [8] Undefined index: address C:\wamp\www\ThinkPHP\App\Home\Controller\MapController.class.php 第 10 行.
NOTIC: [8] Undefined index: full C:\wamp\www\ThinkPHP\App\Home\Controller\MapController.class.php 第 11 行.

[ 2017-07-11T23:08:54+08:00 ] ::1 /thinkphp/index.php?m=Home&c=map&a=index
INFO: [ app_init ] --START--
INFO: Run Behavior\BuildLiteBehavior [ RunTime:0.000065s ]
INFO: [ app_init ] --END-- [ RunTime:0.001442s ]
INFO: [ app_begin ] --START--
INFO: Run Behavior\ReadHtmlCacheBehavior [ RunTime:0.004223s ]
INFO: [ app_begin ] --END-- [ RunTime:0.004581s ]
NOTIC: [8] Undefined index: lng C:\wamp\www\ThinkPHP\App\Home\Controller\MapController.class.php 第 8 行.
NOTIC: [8] Undefined index: lat C:\wamp\www\ThinkPHP\App\Home\Controller\MapController.class.php 第 9 行.
NOTIC: [8] Undefined index: address C:\wamp\www\ThinkPHP\App\Home\Controller\MapController.class.php 第 10 行.
NOTIC: [8] Undefined index: full C:\wamp\www\ThinkPHP\App\Home\Controller\MapController.class.php 第 11 行.

[ 2017-07-11T23:08:54+08:00 ] ::1 /thinkphp/index.php?m=Home&c=map&a=index
INFO: [ app_init ] --START--
INFO: Run Behavior\BuildLiteBehavior [ RunTime:0.000090s ]
INFO: [ app_init ] --END-- [ RunTime:0.006993s ]
INFO: [ app_begin ] --START--
INFO: Run Behavior\ReadHtmlCacheBehavior [ RunTime:0.006826s ]
INFO: [ app_begin ] --END-- [ RunTime:0.007343s ]
NOTIC: [8] Undefined index: lng C:\wamp\www\ThinkPHP\App\Home\Controller\MapController.class.php 第 8 行.
NOTIC: [8] Undefined index: lat C:\wamp\www\ThinkPHP\App\Home\Controller\MapController.class.php 第 9 行.
NOTIC: [8] Undefined index: address C:\wamp\www\ThinkPHP\App\Home\Controller\MapController.class.php 第 10 行.
NOTIC: [8] Undefined index: full C:\wamp\www\ThinkPHP\App\Home\Controller\MapController.class.php 第 11 行.

[ 2017-07-11T23:08:55+08:00 ] ::1 /thinkphp/index.php?m=Home&c=map&a=index
INFO: [ app_init ] --START--
INFO: Run Behavior\BuildLiteBehavior [ RunTime:0.000075s ]
INFO: [ app_init ] --END-- [ RunTime:0.002204s ]
INFO: [ app_begin ] --START--
INFO: Run Behavior\ReadHtmlCacheBehavior [ RunTime:0.001863s ]
INFO: [ app_begin ] --END-- [ RunTime:0.002164s ]
NOTIC: [8] Undefined index: lng C:\wamp\www\ThinkPHP\App\Home\Controller\MapController.class.php 第 8 行.
NOTIC: [8] Undefined index: lat C:\wamp\www\ThinkPHP\App\Home\Controller\MapController.class.php 第 9 行.
NOTIC: [8] Undefined index: address C:\wamp\www\ThinkPHP\App\Home\Controller\MapController.class.php 第 10 行.
NOTIC: [8] Undefined index: full C:\wamp\www\ThinkPHP\App\Home\Controller\MapController.class.php 第 11 行.

[ 2017-07-11T23:08:55+08:00 ] ::1 /thinkphp/index.php?m=Home&c=map&a=index
INFO: [ app_init ] --START--
INFO: Run Behavior\BuildLiteBehavior [ RunTime:0.000044s ]
INFO: [ app_init ] --END-- [ RunTime:0.001187s ]
INFO: [ app_begin ] --START--
INFO: Run Behavior\ReadHtmlCacheBehavior [ RunTime:0.001308s ]
INFO: [ app_begin ] --END-- [ RunTime:0.001537s ]
NOTIC: [8] Undefined index: lng C:\wamp\www\ThinkPHP\App\Home\Controller\MapController.class.php 第 8 行.
NOTIC: [8] Undefined index: lat C:\wamp\www\ThinkPHP\App\Home\Controller\MapController.class.php 第 9 行.
NOTIC: [8] Undefined index: address C:\wamp\www\ThinkPHP\App\Home\Controller\MapController.class.php 第 10 行.
NOTIC: [8] Undefined index: full C:\wamp\www\ThinkPHP\App\Home\Controller\MapController.class.php 第 11 行.

[ 2017-07-11T23:08:56+08:00 ] ::1 /thinkphp/index.php?m=Home&c=map&a=index
INFO: [ app_init ] --START--
INFO: Run Behavior\BuildLiteBehavior [ RunTime:0.000077s ]
INFO: [ app_init ] --END-- [ RunTime:0.002875s ]
INFO: [ app_begin ] --START--
INFO: Run Behavior\ReadHtmlCacheBehavior [ RunTime:0.002573s ]
INFO: [ app_begin ] --END-- [ RunTime:0.003247s ]
NOTIC: [8] Undefined index: lng C:\wamp\www\ThinkPHP\App\Home\Controller\MapController.class.php 第 8 行.
NOTIC: [8] Undefined index: lat C:\wamp\www\ThinkPHP\App\Home\Controller\MapController.class.php 第 9 行.
NOTIC: [8] Undefined index: address C:\wamp\www\ThinkPHP\App\Home\Controller\MapController.class.php 第 10 行.
NOTIC: [8] Undefined index: full C:\wamp\www\ThinkPHP\App\Home\Controller\MapController.class.php 第 11 行.

[ 2017-07-11T23:08:56+08:00 ] ::1 /thinkphp/index.php?m=Home&c=map&a=index
INFO: [ app_init ] --START--
INFO: Run Behavior\BuildLiteBehavior [ RunTime:0.000063s ]
INFO: [ app_init ] --END-- [ RunTime:0.001472s ]
INFO: [ app_begin ] --START--
INFO: Run Behavior\ReadHtmlCacheBehavior [ RunTime:0.001728s ]
INFO: [ app_begin ] --END-- [ RunTime:0.001978s ]
NOTIC: [8] Undefined index: lng C:\wamp\www\ThinkPHP\App\Home\Controller\MapController.class.php 第 8 行.
NOTIC: [8] Undefined index: lat C:\wamp\www\ThinkPHP\App\Home\Controller\MapController.class.php 第 9 行.
NOTIC: [8] Undefined index: address C:\wamp\www\ThinkPHP\App\Home\Controller\MapController.class.php 第 10 行.
NOTIC: [8] Undefined index: full C:\wamp\www\ThinkPHP\App\Home\Controller\MapController.class.php 第 11 行.

[ 2017-07-11T23:08:57+08:00 ] ::1 /thinkphp/index.php?m=Home&c=map&a=index
INFO: [ app_init ] --START--
INFO: Run Behavior\BuildLiteBehavior [ RunTime:0.000049s ]
INFO: [ app_init ] --END-- [ RunTime:0.001189s ]
INFO: [ app_begin ] --START--
INFO: Run Behavior\ReadHtmlCacheBehavior [ RunTime:0.002143s ]
INFO: [ app_begin ] --END-- [ RunTime:0.002565s ]
NOTIC: [8] Undefined index: lng C:\wamp\www\ThinkPHP\App\Home\Controller\MapController.class.php 第 8 行.
NOTIC: [8] Undefined index: lat C:\wamp\www\ThinkPHP\App\Home\Controller\MapController.class.php 第 9 行.
NOTIC: [8] Undefined index: address C:\wamp\www\ThinkPHP\App\Home\Controller\MapController.class.php 第 10 行.
NOTIC: [8] Undefined index: full C:\wamp\www\ThinkPHP\App\Home\Controller\MapController.class.php 第 11 行.

[ 2017-07-11T23:08:57+08:00 ] ::1 /thinkphp/index.php?m=Home&c=map&a=index
INFO: [ app_init ] --START--
INFO: Run Behavior\BuildLiteBehavior [ RunTime:0.000068s ]
INFO: [ app_init ] --END-- [ RunTime:0.001841s ]
INFO: [ app_begin ] --START--
INFO: Run Behavior\ReadHtmlCacheBehavior [ RunTime:0.001977s ]
INFO: [ app_begin ] --END-- [ RunTime:0.002353s ]
NOTIC: [8] Undefined index: lng C:\wamp\www\ThinkPHP\App\Home\Controller\MapController.class.php 第 8 行.
NOTIC: [8] Undefined index: lat C:\wamp\www\ThinkPHP\App\Home\Controller\MapController.class.php 第 9 行.
NOTIC: [8] Undefined index: address C:\wamp\www\ThinkPHP\App\Home\Controller\MapController.class.php 第 10 行.
NOTIC: [8] Undefined index: full C:\wamp\www\ThinkPHP\App\Home\Controller\MapController.class.php 第 11 行.

[ 2017-07-11T23:08:58+08:00 ] ::1 /thinkphp/index.php?m=Home&c=map&a=index
INFO: [ app_init ] --START--
INFO: Run Behavior\BuildLiteBehavior [ RunTime:0.000069s ]
INFO: [ app_init ] --END-- [ RunTime:0.001773s ]
INFO: [ app_begin ] --START--
INFO: Run Behavior\ReadHtmlCacheBehavior [ RunTime:0.001491s ]
INFO: [ app_begin ] --END-- [ RunTime:0.001789s ]
NOTIC: [8] Undefined index: lng C:\wamp\www\ThinkPHP\App\Home\Controller\MapController.class.php 第 8 行.
NOTIC: [8] Undefined index: lat C:\wamp\www\ThinkPHP\App\Home\Controller\MapController.class.php 第 9 行.
NOTIC: [8] Undefined index: address C:\wamp\www\ThinkPHP\App\Home\Controller\MapController.class.php 第 10 行.
NOTIC: [8] Undefined index: full C:\wamp\www\ThinkPHP\App\Home\Controller\MapController.class.php 第 11 行.

[ 2017-07-11T23:08:59+08:00 ] ::1 /thinkphp/index.php?m=Home&c=map&a=index
INFO: [ app_init ] --START--
INFO: Run Behavior\BuildLiteBehavior [ RunTime:0.000060s ]
INFO: [ app_init ] --END-- [ RunTime:0.001259s ]
INFO: [ app_begin ] --START--
INFO: Run Behavior\ReadHtmlCacheBehavior [ RunTime:0.001693s ]
INFO: [ app_begin ] --END-- [ RunTime:0.002105s ]
NOTIC: [8] Undefined index: lng C:\wamp\www\ThinkPHP\App\Home\Controller\MapController.class.php 第 8 行.
NOTIC: [8] Undefined index: lat C:\wamp\www\ThinkPHP\App\Home\Controller\MapController.class.php 第 9 行.
NOTIC: [8] Undefined index: address C:\wamp\www\ThinkPHP\App\Home\Controller\MapController.class.php 第 10 行.
NOTIC: [8] Undefined index: full C:\wamp\www\ThinkPHP\App\Home\Controller\MapController.class.php 第 11 行.

[ 2017-07-11T23:09:00+08:00 ] ::1 /thinkphp/index.php?m=Home&c=map&a=index
INFO: [ app_init ] --START--
INFO: Run Behavior\BuildLiteBehavior [ RunTime:0.000140s ]
INFO: [ app_init ] --END-- [ RunTime:0.001745s ]
INFO: [ app_begin ] --START--
INFO: Run Behavior\ReadHtmlCacheBehavior [ RunTime:0.001326s ]
INFO: [ app_begin ] --END-- [ RunTime:0.001599s ]
NOTIC: [8] Undefined index: lng C:\wamp\www\ThinkPHP\App\Home\Controller\MapController.class.php 第 8 行.
NOTIC: [8] Undefined index: lat C:\wamp\www\ThinkPHP\App\Home\Controller\MapController.class.php 第 9 行.
NOTIC: [8] Undefined index: address C:\wamp\www\ThinkPHP\App\Home\Controller\MapController.class.php 第 10 行.
NOTIC: [8] Undefined index: full C:\wamp\www\ThinkPHP\App\Home\Controller\MapController.class.php 第 11 行.

[ 2017-07-11T23:09:00+08:00 ] ::1 /thinkphp/index.php?m=Home&c=map&a=index
INFO: [ app_init ] --START--
INFO: Run Behavior\BuildLiteBehavior [ RunTime:0.000068s ]
INFO: [ app_init ] --END-- [ RunTime:0.001585s ]
INFO: [ app_begin ] --START--
INFO: Run Behavior\ReadHtmlCacheBehavior [ RunTime:0.002303s ]
INFO: [ app_begin ] --END-- [ RunTime:0.002643s ]
NOTIC: [8] Undefined index: lng C:\wamp\www\ThinkPHP\App\Home\Controller\MapController.class.php 第 8 行.
NOTIC: [8] Undefined index: lat C:\wamp\www\ThinkPHP\App\Home\Controller\MapController.class.php 第 9 行.
NOTIC: [8] Undefined index: address C:\wamp\www\ThinkPHP\App\Home\Controller\MapController.class.php 第 10 行.
NOTIC: [8] Undefined index: full C:\wamp\www\ThinkPHP\App\Home\Controller\MapController.class.php 第 11 行.

[ 2017-07-11T23:09:01+08:00 ] ::1 /thinkphp/index.php?m=Home&c=map&a=index
INFO: [ app_init ] --START--
INFO: Run Behavior\BuildLiteBehavior [ RunTime:0.000066s ]
INFO: [ app_init ] --END-- [ RunTime:0.001681s ]
INFO: [ app_begin ] --START--
INFO: Run Behavior\ReadHtmlCacheBehavior [ RunTime:0.001638s ]
INFO: [ app_begin ] --END-- [ RunTime:0.001907s ]
NOTIC: [8] Undefined index: lng C:\wamp\www\ThinkPHP\App\Home\Controller\MapController.class.php 第 8 行.
NOTIC: [8] Undefined index: lat C:\wamp\www\ThinkPHP\App\Home\Controller\MapController.class.php 第 9 行.
NOTIC: [8] Undefined index: address C:\wamp\www\ThinkPHP\App\Home\Controller\MapController.class.php 第 10 行.
NOTIC: [8] Undefined index: full C:\wamp\www\ThinkPHP\App\Home\Controller\MapController.class.php 第 11 行.

[ 2017-07-11T23:09:01+08:00 ] ::1 /thinkphp/index.php?m=Home&c=map&a=index
INFO: [ app_init ] --START--
INFO: Run Behavior\BuildLiteBehavior [ RunTime:0.000061s ]
INFO: [ app_init ] --END-- [ RunTime:0.001729s ]
INFO: [ app_begin ] --START--
INFO: Run Behavior\ReadHtmlCacheBehavior [ RunTime:0.006240s ]
INFO: [ app_begin ] --END-- [ RunTime:0.006746s ]
NOTIC: [8] Undefined index: lng C:\wamp\www\ThinkPHP\App\Home\Controller\MapController.class.php 第 8 行.
NOTIC: [8] Undefined index: lat C:\wamp\www\ThinkPHP\App\Home\Controller\MapController.class.php 第 9 行.
NOTIC: [8] Undefined index: address C:\wamp\www\ThinkPHP\App\Home\Controller\MapController.class.php 第 10 行.
NOTIC: [8] Undefined index: full C:\wamp\www\ThinkPHP\App\Home\Controller\MapController.class.php 第 11 行.

[ 2017-07-11T23:09:02+08:00 ] ::1 /thinkphp/index.php?m=Home&c=map&a=index
INFO: [ app_init ] --START--
INFO: Run Behavior\BuildLiteBehavior [ RunTime:0.000054s ]
INFO: [ app_init ] --END-- [ RunTime:0.001215s ]
INFO: [ app_begin ] --START--
INFO: Run Behavior\ReadHtmlCacheBehavior [ RunTime:0.002634s ]
INFO: [ app_begin ] --END-- [ RunTime:0.003034s ]
NOTIC: [8] Undefined index: lng C:\wamp\www\ThinkPHP\App\Home\Controller\MapController.class.php 第 8 行.
NOTIC: [8] Undefined index: lat C:\wamp\www\ThinkPHP\App\Home\Controller\MapController.class.php 第 9 行.
NOTIC: [8] Undefined index: address C:\wamp\www\ThinkPHP\App\Home\Controller\MapController.class.php 第 10 行.
NOTIC: [8] Undefined index: full C:\wamp\www\ThinkPHP\App\Home\Controller\MapController.class.php 第 11 行.

[ 2017-07-11T23:09:02+08:00 ] ::1 /thinkphp/index.php?m=Home&c=map&a=index
INFO: [ app_init ] --START--
INFO: Run Behavior\BuildLiteBehavior [ RunTime:0.000061s ]
INFO: [ app_init ] --END-- [ RunTime:0.001316s ]
INFO: [ app_begin ] --START--
INFO: Run Behavior\ReadHtmlCacheBehavior [ RunTime:0.001405s ]
INFO: [ app_begin ] --END-- [ RunTime:0.001667s ]
NOTIC: [8] Undefined index: lng C:\wamp\www\ThinkPHP\App\Home\Controller\MapController.class.php 第 8 行.
NOTIC: [8] Undefined index: lat C:\wamp\www\ThinkPHP\App\Home\Controller\MapController.class.php 第 9 行.
NOTIC: [8] Undefined index: address C:\wamp\www\ThinkPHP\App\Home\Controller\MapController.class.php 第 10 行.
NOTIC: [8] Undefined index: full C:\wamp\www\ThinkPHP\App\Home\Controller\MapController.class.php 第 11 行.

[ 2017-07-11T23:09:03+08:00 ] ::1 /thinkphp/index.php?m=Home&c=map&a=index
INFO: [ app_init ] --START--
INFO: Run Behavior\BuildLiteBehavior [ RunTime:0.000048s ]
INFO: [ app_init ] --END-- [ RunTime:0.001290s ]
INFO: [ app_begin ] --START--
INFO: Run Behavior\ReadHtmlCacheBehavior [ RunTime:0.001466s ]
INFO: [ app_begin ] --END-- [ RunTime:0.001698s ]
NOTIC: [8] Undefined index: lng C:\wamp\www\ThinkPHP\App\Home\Controller\MapController.class.php 第 8 行.
NOTIC: [8] Undefined index: lat C:\wamp\www\ThinkPHP\App\Home\Controller\MapController.class.php 第 9 行.
NOTIC: [8] Undefined index: address C:\wamp\www\ThinkPHP\App\Home\Controller\MapController.class.php 第 10 行.
NOTIC: [8] Undefined index: full C:\wamp\www\ThinkPHP\App\Home\Controller\MapController.class.php 第 11 行.

[ 2017-07-11T23:09:03+08:00 ] ::1 /thinkphp/index.php?m=Home&c=map&a=index
INFO: [ app_init ] --START--
INFO: Run Behavior\BuildLiteBehavior [ RunTime:0.000037s ]
INFO: [ app_init ] --END-- [ RunTime:0.000888s ]
INFO: [ app_begin ] --START--
INFO: Run Behavior\ReadHtmlCacheBehavior [ RunTime:0.002986s ]
INFO: [ app_begin ] --END-- [ RunTime:0.003300s ]
NOTIC: [8] Undefined index: lng C:\wamp\www\ThinkPHP\App\Home\Controller\MapController.class.php 第 8 行.
NOTIC: [8] Undefined index: lat C:\wamp\www\ThinkPHP\App\Home\Controller\MapController.class.php 第 9 行.
NOTIC: [8] Undefined index: address C:\wamp\www\ThinkPHP\App\Home\Controller\MapController.class.php 第 10 行.
NOTIC: [8] Undefined index: full C:\wamp\www\ThinkPHP\App\Home\Controller\MapController.class.php 第 11 行.

[ 2017-07-11T23:13:32+08:00 ] ::1 /thinkphp/index.php?m=Home&c=map&a=index
INFO: [ app_init ] --START--
INFO: Run Behavior\BuildLiteBehavior [ RunTime:0.000039s ]
INFO: [ app_init ] --END-- [ RunTime:0.001094s ]
INFO: [ app_begin ] --START--
INFO: Run Behavior\ReadHtmlCacheBehavior [ RunTime:0.001875s ]
INFO: [ app_begin ] --END-- [ RunTime:0.002138s ]
NOTIC: [8] Undefined index: lng C:\wamp\www\ThinkPHP\App\Home\Controller\MapController.class.php 第 8 行.
NOTIC: [8] Undefined index: lat C:\wamp\www\ThinkPHP\App\Home\Controller\MapController.class.php 第 9 行.
NOTIC: [8] Undefined index: address C:\wamp\www\ThinkPHP\App\Home\Controller\MapController.class.php 第 10 行.
NOTIC: [8] Undefined index: full C:\wamp\www\ThinkPHP\App\Home\Controller\MapController.class.php 第 11 行.

[ 2017-07-11T23:13:33+08:00 ] ::1 /thinkphp/index.php?m=Home&c=map&a=index
INFO: [ app_init ] --START--
INFO: Run Behavior\BuildLiteBehavior [ RunTime:0.000132s ]
INFO: [ app_init ] --END-- [ RunTime:0.003612s ]
INFO: [ app_begin ] --START--
INFO: Run Behavior\ReadHtmlCacheBehavior [ RunTime:0.003654s ]
INFO: [ app_begin ] --END-- [ RunTime:0.004283s ]
NOTIC: [8] Undefined index: lng C:\wamp\www\ThinkPHP\App\Home\Controller\MapController.class.php 第 8 行.
NOTIC: [8] Undefined index: lat C:\wamp\www\ThinkPHP\App\Home\Controller\MapController.class.php 第 9 行.
NOTIC: [8] Undefined index: address C:\wamp\www\ThinkPHP\App\Home\Controller\MapController.class.php 第 10 行.
NOTIC: [8] Undefined index: full C:\wamp\www\ThinkPHP\App\Home\Controller\MapController.class.php 第 11 行.

[ 2017-07-11T23:13:33+08:00 ] ::1 /thinkphp/index.php?m=Home&c=map&a=index
INFO: [ app_init ] --START--
INFO: Run Behavior\BuildLiteBehavior [ RunTime:0.000061s ]
INFO: [ app_init ] --END-- [ RunTime:0.001553s ]
INFO: [ app_begin ] --START--
INFO: Run Behavior\ReadHtmlCacheBehavior [ RunTime:0.003349s ]
INFO: [ app_begin ] --END-- [ RunTime:0.003807s ]
NOTIC: [8] Undefined index: lng C:\wamp\www\ThinkPHP\App\Home\Controller\MapController.class.php 第 8 行.
NOTIC: [8] Undefined index: lat C:\wamp\www\ThinkPHP\App\Home\Controller\MapController.class.php 第 9 行.
NOTIC: [8] Undefined index: address C:\wamp\www\ThinkPHP\App\Home\Controller\MapController.class.php 第 10 行.
NOTIC: [8] Undefined index: full C:\wamp\www\ThinkPHP\App\Home\Controller\MapController.class.php 第 11 行.

